<?xml version="1.0" encoding="UTF-8"?>
<testng-results skipped="0" failed="0" ignored="0" total="2" passed="2">
  <reporter-output>
  </reporter-output>
  <suite name="Default suite" duration-ms="118378" started-at="2021-02-15T08:22:06Z" finished-at="2021-02-15T08:24:04Z">
    <groups>
    </groups>
    <test name="Default test" duration-ms="118378" started-at="2021-02-15T08:22:06Z" finished-at="2021-02-15T08:24:04Z">
      <class name="testscript.LogInTest">
        <test-method status="PASS" signature="setUp()[pri:0, instance:testscript.LogInTest@1b604f19]" name="setUp" is-config="true" duration-ms="21367" started-at="2021-02-15T08:22:06Z" finished-at="2021-02-15T08:22:27Z">
          <reporter-output>
          </reporter-output>
        </test-method> <!-- setUp -->
        <test-method status="PASS" signature="automationPracticeLogin()[pri:0, instance:testscript.LogInTest@1b604f19]" name="automationPracticeLogin" duration-ms="39326" started-at="2021-02-15T08:22:27Z" finished-at="2021-02-15T08:23:06Z">
          <reporter-output>
          </reporter-output>
        </test-method> <!-- automationPracticeLogin -->
        <test-method status="PASS" signature="teardown()[pri:0, instance:testscript.LogInTest@1b604f19]" name="teardown" is-config="true" duration-ms="88" started-at="2021-02-15T08:23:06Z" finished-at="2021-02-15T08:23:07Z">
          <reporter-output>
          </reporter-output>
        </test-method> <!-- teardown -->
        <test-method status="PASS" signature="setUp()[pri:0, instance:testscript.LogInTest@1b604f19]" name="setUp" is-config="true" duration-ms="24593" started-at="2021-02-15T08:23:07Z" finished-at="2021-02-15T08:23:31Z">
          <reporter-output>
          </reporter-output>
        </test-method> <!-- setUp -->
        <test-method status="PASS" signature="loginTestUIValidationTest()[pri:0, instance:testscript.LogInTest@1b604f19]" name="loginTestUIValidationTest" duration-ms="32892" started-at="2021-02-15T08:23:31Z" finished-at="2021-02-15T08:24:04Z">
          <reporter-output>
          </reporter-output>
        </test-method> <!-- loginTestUIValidationTest -->
        <test-method status="PASS" signature="teardown()[pri:0, instance:testscript.LogInTest@1b604f19]" name="teardown" is-config="true" duration-ms="64" started-at="2021-02-15T08:24:04Z" finished-at="2021-02-15T08:24:04Z">
          <reporter-output>
          </reporter-output>
        </test-method> <!-- teardown -->
      </class> <!-- testscript.LogInTest -->
    </test> <!-- Default test -->
  </suite> <!-- Default suite -->
</testng-results>
